Using pre-set license
Built from '6000.0/release' branch; Version is '6000.0.44f1 (101c91f3a8fb) revision 1055889'; Using compiler version '193933523'; Build Type 'Release'
OS: 'Windows 10  (10.0.19045) 64bit Professional' Language: 'pt' Physical Memory: 4007 MB
BatchMode: 1, IsHumanControllingUs: 0, StartBugReporterOnCrash: 0, Is64bit: 1, IsPro: 1

COMMAND LINE ARGUMENTS:
C:\Program Files\Unity\Hub\Editor\6000.0.44f1\Editor\Unity.exe
-adb2
-batchMode
-noUpm
-name
AssetImportWorker0
-projectPath
C:/Users/Fabio Lima/Desktop/Projetos 2D/A sombra da lua
-logFile
Logs/AssetImportWorker0.log
-srvPort
56785
-job-worker-count
1
-background-job-worker-count
8
-gc-helper-count
1
Successfully changed project path to: C:/Users/Fabio Lima/Desktop/Projetos 2D/A sombra da lua
C:/Users/Fabio Lima/Desktop/Projetos 2D/A sombra da lua
[UnityMemory] Configuration Parameters - Can be set up in boot.config
    "memorysetup-bucket-allocator-granularity=16"
    "memorysetup-bucket-allocator-bucket-count=8"
    "memorysetup-bucket-allocator-block-size=33554432"
    "memorysetup-bucket-allocator-block-count=8"
    "memorysetup-main-allocator-block-size=16777216"
    "memorysetup-thread-allocator-block-size=16777216"
    "memorysetup-gfx-main-allocator-block-size=16777216"
    "memorysetup-gfx-thread-allocator-block-size=16777216"
    "memorysetup-cache-allocator-block-size=4194304"
    "memorysetup-typetree-allocator-block-size=2097152"
    "memorysetup-profiler-bucket-allocator-granularity=16"
    "memorysetup-profiler-bucket-allocator-bucket-count=8"
    "memorysetup-profiler-bucket-allocator-block-size=33554432"
    "memorysetup-profiler-bucket-allocator-block-count=8"
    "memorysetup-profiler-allocator-block-size=16777216"
    "memorysetup-profiler-editor-allocator-block-size=1048576"
    "memorysetup-temp-allocator-size-main=16777216"
    "memorysetup-job-temp-allocator-block-size=2097152"
    "memorysetup-job-temp-allocator-block-size-background=1048576"
    "memorysetup-job-temp-allocator-reduction-small-platforms=262144"
    "memorysetup-allocator-temp-initial-block-size-main=262144"
    "memorysetup-allocator-temp-initial-block-size-worker=262144"
    "memorysetup-temp-allocator-size-background-worker=32768"
    "memorysetup-temp-allocator-size-job-worker=262144"
    "memorysetup-temp-allocator-size-preload-manager=33554432"
    "memorysetup-temp-allocator-size-nav-mesh-worker=65536"
    "memorysetup-temp-allocator-size-audio-worker=65536"
    "memorysetup-temp-allocator-size-cloud-worker=32768"
    "memorysetup-temp-allocator-size-gi-baking-worker=262144"
    "memorysetup-temp-allocator-size-gi-baking-worker=262144"
    "memorysetup-temp-allocator-size-gi-baking-worker=262144"
    "memorysetup-temp-allocator-size-gi-baking-worker=262144"
    "memorysetup-temp-allocator-size-gi-baking-worker=262144"
    "memorysetup-temp-allocator-size-gfx=262144"
Player connection [10804]  Target information:

Player connection [10804]  * "[IP] 192.168.0.101 [Port] 0 [Flags] 2 [Guid] 1844169465 [EditorId] 1844169465 [Version] 1048832 [Id] WindowsEditor(7,DESKTOP-P5B8TE0) [Debug] 1 [PackageName] WindowsEditor [ProjectName] Editor" 

Player connection [10804] Host joined multi-casting on [225.0.0.222:54997]...
Player connection [10804] Host joined alternative multi-casting on [225.0.0.222:34997]...
JobSystem: Creating JobQueue using job-worker-count value 1
Input System module state changed to: Initialized.
[Physics::Module] Initialized fallback backend.
[Physics::Module] Id: 0xdecafbad
Library Redirect Path: Library/
[Physics::Module] Selected backend.
[Physics::Module] Name: PhysX
[Physics::Module] Id: 0xf2b8ea05
[Physics::Module] SDK Version: 4.1.2
[Physics::Module] Integration Version: 1.0.0
[Physics::Module] Threading Mode: Multi-Threaded
Refreshing native plugins compatible for Editor in 54.91 ms, found 4 plugins.
Preloading 0 native plugins for Editor in 0.00 ms.
Initialize engine version: 6000.0.44f1 (101c91f3a8fb)
[Subsystems] Discovering subsystems at path C:/Program Files/Unity/Hub/Editor/6000.0.44f1/Editor/Data/Resources/UnitySubsystems
[Subsystems] Discovering subsystems at path C:/Users/Fabio Lima/Desktop/Projetos 2D/A sombra da lua/Assets
GfxDevice: creating device client; kGfxThreadingModeNonThreaded
Direct3D:
    Version:  Direct3D 11.0 [level 11.1]
    Renderer: Intel(R) HD Graphics 610 (ID=0x5906)
    Vendor:   Intel
    VRAM:     2003 MB
    Driver:   27.20.100.7987
Initialize mono
Mono path[0] = 'C:/Program Files/Unity/Hub/Editor/6000.0.44f1/Editor/Data/Managed'
Mono path[1] = 'C:/Program Files/Unity/Hub/Editor/6000.0.44f1/Editor/Data/MonoBleedingEdge/lib/mono/unityjit-win32'
Mono config path = 'C:/Program Files/Unity/Hub/Editor/6000.0.44f1/Editor/Data/MonoBleedingEdge/etc'
Using monoOptions --debugger-agent=transport=dt_socket,embedding=1,server=y,suspend=n,address=127.0.0.1:56216
Begin MonoManager ReloadAssembly
Registering precompiled unity dll's ...
Register platform support module: C:/Program Files/Unity/Hub/Editor/6000.0.44f1/Editor/Data/PlaybackEngines/WebGLSupport/UnityEditor.WebGL.Extensions.dll
Register platform support module: C:/Program Files/Unity/Hub/Editor/6000.0.44f1/Editor/Data/PlaybackEngines/WindowsStandaloneSupport/UnityEditor.WindowsStandalone.Extensions.dll
Registered in 0.182855 seconds.
- Loaded All Assemblies, in 11.048 seconds
Native extension for WindowsStandalone target not found
Native extension for WebGL target not found
Mono: successfully reloaded assembly
- Finished resetting the current domain, in  8.130 seconds
Domain Reload Profiling: 19125ms
	BeginReloadAssembly (3992ms)
		ExecutionOrderSort (0ms)
		DisableScriptedObjects (0ms)
		BackupInstance (0ms)
		ReleaseScriptingObjects (0ms)
		CreateAndSetChildDomain (5ms)
	RebuildCommonClasses (1239ms)
	RebuildNativeTypeToScriptingClass (263ms)
	initialDomainReloadingComplete (1499ms)
	LoadAllAssembliesAndSetupDomain (3991ms)
		LoadAssemblies (4008ms)
		RebuildTransferFunctionScriptingTraits (0ms)
		AnalyzeDomain (3915ms)
			TypeCache.Refresh (3910ms)
				TypeCache.ScanAssembly (3776ms)
			BuildScriptInfoCaches (1ms)
			ResolveRequiredComponents (2ms)
	FinalizeReload (8141ms)
		ReleaseScriptCaches (0ms)
		RebuildScriptCaches (0ms)
		SetupLoadedEditorAssemblies (7722ms)
			LogAssemblyErrors (0ms)
			InitializePlatformSupportModulesInManaged (99ms)
			SetLoadedEditorAssemblies (27ms)
			BeforeProcessingInitializeOnLoad (340ms)
			ProcessInitializeOnLoadAttributes (5443ms)
			ProcessInitializeOnLoadMethodAttributes (1812ms)
			AfterProcessingInitializeOnLoad (0ms)
			EditorAssembliesLoaded (0ms)
		ExecutionOrderSort2 (0ms)
		AwakeInstancesAfterBackupRestoration (0ms)
Assembly reference Packages/com.unity.cinemachine/Editor/Samples/ExposeHDRPInternals/HDRP-Editor-ref.asmref has no target assembly definition
========================================================================
Worker process is ready to serve import requests
Import Worker Mode flag is 0x00
Assembly reference Packages/com.unity.cinemachine/Editor/Samples/ExposeHDRPInternals/HDRP-Editor-ref.asmref has no target assembly definition
Assembly reference Packages/com.unity.cinemachine/Editor/Samples/ExposeHDRPInternals/HDRP-Editor-ref.asmref has no target assembly definition
Begin MonoManager ReloadAssembly
- Loaded All Assemblies, in 23.517 seconds
Assembly reference Packages/com.unity.cinemachine/Editor/Samples/ExposeHDRPInternals/HDRP-Editor-ref.asmref has no target assembly definition
'Packages/com.unity.cinemachine/Editor/Obsolete/CinemachineVirtualCameraBaseEditor.cs' contains partial class of Unity.Object, exactly 1 of the partial classes needs to be in a file with the same filename. This is to know the one that can be referenced from ie. GameObjects
'Packages/com.unity.cinemachine/Editor/Editors/CinemachineVirtualCameraBaseEditor.cs' contains partial class of Unity.Object, exactly 1 of the partial classes needs to be in a file with the same filename. This is to know the one that can be referenced from ie. GameObjects
Refreshing native plugins compatible for Editor in 35.03 ms, found 4 plugins.
Native extension for WindowsStandalone target not found
Native extension for WebGL target not found
Assembly reference Packages/com.unity.cinemachine/Editor/Samples/ExposeHDRPInternals/HDRP-Editor-ref.asmref has no target assembly definition
Package Manager log level set to [2]
[Package Manager] Failed to launch server process. Reason: Unity was launched with the -noUpm command-line argument
[Package Manager] Unable to send message (not connected to server process).
[Package Manager] Cannot connect to Unity Package Manager local server
Mono: successfully reloaded assembly
- Finished resetting the current domain, in 12.286 seconds
Domain Reload Profiling: 35558ms
	BeginReloadAssembly (5775ms)
		ExecutionOrderSort (0ms)
		DisableScriptedObjects (131ms)
		BackupInstance (0ms)
		ReleaseScriptingObjects (0ms)
		CreateAndSetChildDomain (877ms)
	RebuildCommonClasses (1016ms)
	RebuildNativeTypeToScriptingClass (281ms)
	initialDomainReloadingComplete (1810ms)
	LoadAllAssembliesAndSetupDomain (14363ms)
		LoadAssemblies (14503ms)
		RebuildTransferFunctionScriptingTraits (0ms)
		AnalyzeDomain (3490ms)
			TypeCache.Refresh (3051ms)
				TypeCache.ScanAssembly (1546ms)
			BuildScriptInfoCaches (388ms)
			ResolveRequiredComponents (39ms)
	FinalizeReload (12313ms)
		ReleaseScriptCaches (0ms)
		RebuildScriptCaches (0ms)
		SetupLoadedEditorAssemblies (11026ms)
			LogAssemblyErrors (0ms)
			InitializePlatformSupportModulesInManaged (11ms)
			SetLoadedEditorAssemblies (15ms)
			BeforeProcessingInitializeOnLoad (531ms)
			ProcessInitializeOnLoadAttributes (9125ms)
			ProcessInitializeOnLoadMethodAttributes (1144ms)
			AfterProcessingInitializeOnLoad (186ms)
			EditorAssembliesLoaded (14ms)
		ExecutionOrderSort2 (0ms)
		AwakeInstancesAfterBackupRestoration (183ms)
Launched and connected shader compiler UnityShaderCompiler.exe after 0.63 seconds
Refreshing native plugins compatible for Editor in 6.80 ms, found 4 plugins.
Preloading 0 native plugins for Editor in 0.00 ms.
Unloading 30 Unused Serialized files (Serialized files now loaded: 0)
Unloading 5167 unused Assets / (3.1 MB). Loaded Objects now: 5656.
Memory consumption went from 98.3 MB to 95.3 MB.
Total: 33.418800 ms (FindLiveObjects: 1.163600 ms CreateObjectMapping: 1.185000 ms MarkObjects: 20.131900 ms  DeleteObjects: 10.925100 ms)

========================================================================
Received Import Request.
  Time since last request: 849078.748476 seconds.
  path: ProjectSettings/TagManager.asset
  artifactKey: Guid(00000000000000003000000000000000) Importer(815301076,1909f56bfc062723c751e8b465ee728b)
Start importing ProjectSettings/TagManager.asset using Guid(00000000000000003000000000000000) Importer(815301076,1909f56bfc062723c751e8b465ee728b) (PreviewImporter) -> (artifact id: 'f98caa3dd6ee2ba04b296b7c61a29c61') in 0.1084212 seconds
Number of updated asset objects reloaded before import = 0Number of asset objects unloaded after import = 0

========================================================================
Received Import Request.
  Time since last request: 0.023644 seconds.
  path: Assets/Sprites/Enemyes/Skeleton enemy/Skeleton enemy.png
  artifactKey: Guid(0f78d3bb6d7dfeb479e32246bd7fcfe7) Importer(815301076,1909f56bfc062723c751e8b465ee728b)
Start importing Assets/Sprites/Enemyes/Skeleton enemy/Skeleton enemy.png using Guid(0f78d3bb6d7dfeb479e32246bd7fcfe7) Importer(815301076,1909f56bfc062723c751e8b465ee728b) (PreviewImporter) -> (artifact id: '59dd3ab3f09306a75df5e03502ee1d89') in 4.7210524 seconds
Number of updated asset objects reloaded before import = 0Number of asset objects unloaded after import = 51

========================================================================
Received Prepare
Assembly reference Packages/com.unity.cinemachine/Editor/Samples/ExposeHDRPInternals/HDRP-Editor-ref.asmref has no target assembly definition
Assembly reference Packages/com.unity.cinemachine/Editor/Samples/ExposeHDRPInternals/HDRP-Editor-ref.asmref has no target assembly definition
Begin MonoManager ReloadAssembly
- Loaded All Assemblies, in 30.870 seconds
Assembly reference Packages/com.unity.cinemachine/Editor/Samples/ExposeHDRPInternals/HDRP-Editor-ref.asmref has no target assembly definition
'Packages/com.unity.cinemachine/Editor/Obsolete/CinemachineVirtualCameraBaseEditor.cs' contains partial class of Unity.Object, exactly 1 of the partial classes needs to be in a file with the same filename. This is to know the one that can be referenced from ie. GameObjects
'Packages/com.unity.cinemachine/Editor/Editors/CinemachineVirtualCameraBaseEditor.cs' contains partial class of Unity.Object, exactly 1 of the partial classes needs to be in a file with the same filename. This is to know the one that can be referenced from ie. GameObjects
Refreshing native plugins compatible for Editor in 8.30 ms, found 4 plugins.
Native extension for WindowsStandalone target not found
Native extension for WebGL target not found
Assembly reference Packages/com.unity.cinemachine/Editor/Samples/ExposeHDRPInternals/HDRP-Editor-ref.asmref has no target assembly definition
[Package Manager] Failed to launch server process. Reason: Unity was launched with the -noUpm command-line argument
[Package Manager] Unable to send message (not connected to server process).
[Package Manager] Cannot connect to Unity Package Manager local server
Mono: successfully reloaded assembly
- Finished resetting the current domain, in  5.273 seconds
Domain Reload Profiling: 36146ms
	BeginReloadAssembly (3158ms)
		ExecutionOrderSort (9ms)
		DisableScriptedObjects (541ms)
		BackupInstance (0ms)
		ReleaseScriptingObjects (5ms)
		CreateAndSetChildDomain (820ms)
	RebuildCommonClasses (230ms)
	RebuildNativeTypeToScriptingClass (66ms)
	initialDomainReloadingComplete (272ms)
	LoadAllAssembliesAndSetupDomain (27136ms)
		LoadAssemblies (21164ms)
		RebuildTransferFunctionScriptingTraits (0ms)
		AnalyzeDomain (7155ms)
			TypeCache.Refresh (419ms)
				TypeCache.ScanAssembly (0ms)
			BuildScriptInfoCaches (6654ms)
			ResolveRequiredComponents (39ms)
	FinalizeReload (5284ms)
		ReleaseScriptCaches (0ms)
		RebuildScriptCaches (0ms)
		SetupLoadedEditorAssemblies (4168ms)
			LogAssemblyErrors (0ms)
			InitializePlatformSupportModulesInManaged (13ms)
			SetLoadedEditorAssemblies (15ms)
			BeforeProcessingInitializeOnLoad (433ms)
			ProcessInitializeOnLoadAttributes (2995ms)
			ProcessInitializeOnLoadMethodAttributes (491ms)
			AfterProcessingInitializeOnLoad (216ms)
			EditorAssembliesLoaded (5ms)
		ExecutionOrderSort2 (0ms)
		AwakeInstancesAfterBackupRestoration (156ms)
Refreshing native plugins compatible for Editor in 53.45 ms, found 4 plugins.
Preloading 0 native plugins for Editor in 0.00 ms.
Unloading 9 Unused Serialized files (Serialized files now loaded: 0)
Unloading 5166 unused Assets / (1.1 MB). Loaded Objects now: 5736.
Memory consumption went from 98.9 MB to 97.8 MB.
Total: 223.398700 ms (FindLiveObjects: 2.523500 ms CreateObjectMapping: 15.108200 ms MarkObjects: 109.619200 ms  DeleteObjects: 93.780700 ms)

Prepare: number of updated asset objects reloaded= 0
========================================================================
Received Import Request.
  Time since last request: 1027.036551 seconds.
  path: Assets/Sprites/Enemyes/2 Enemy
  artifactKey: Guid(b2ff7b1ef44c84146a8c57d0140351d0) Importer(815301076,1909f56bfc062723c751e8b465ee728b)
Start importing Assets/Sprites/Enemyes/2 Enemy using Guid(b2ff7b1ef44c84146a8c57d0140351d0) Importer(815301076,1909f56bfc062723c751e8b465ee728b) (PreviewImporter) -> (artifact id: '51555488a22b322db4b67ec379c36e83') in 0.3731679 seconds
Number of updated asset objects reloaded before import = 0Number of asset objects unloaded after import = 0

========================================================================
Received Import Request.
  Time since last request: 0.001797 seconds.
  path: Assets/Sprites/Enemyes/2 Enemy/jump.psd
  artifactKey: Guid(f03159f0a6c14034e869620580fcfc0f) Importer(815301076,1909f56bfc062723c751e8b465ee728b)
Start importing Assets/Sprites/Enemyes/2 Enemy/jump.psd using Guid(f03159f0a6c14034e869620580fcfc0f) Importer(815301076,1909f56bfc062723c751e8b465ee728b) (PreviewImporter) -> (artifact id: 'b7d3c0cb3db16dd8f6bc47a496a2c4de') in 3.0932777 seconds
Number of updated asset objects reloaded before import = 0Number of asset objects unloaded after import = 3

========================================================================
Received Import Request.
  Time since last request: 0.000142 seconds.
  path: Assets/Sprites/Enemyes/2 Enemy/dead.psd
  artifactKey: Guid(d410910b764eb3845981267524ce4485) Importer(815301076,1909f56bfc062723c751e8b465ee728b)
Start importing Assets/Sprites/Enemyes/2 Enemy/dead.psd using Guid(d410910b764eb3845981267524ce4485) Importer(815301076,1909f56bfc062723c751e8b465ee728b) (PreviewImporter) -> (artifact id: 'f8bc1a7868751b75fa37a65d55b26330') in 0.1139866 seconds
Number of updated asset objects reloaded before import = 0Number of asset objects unloaded after import = 3

========================================================================
Received Import Request.
  Time since last request: 0.000396 seconds.
  path: Assets/Sprites/Enemyes/2 Enemy/attack, block, idle, walk.psd
  artifactKey: Guid(43ff505ca6a01fe43bf54ebfeda7cc1c) Importer(815301076,1909f56bfc062723c751e8b465ee728b)
Start importing Assets/Sprites/Enemyes/2 Enemy/attack, block, idle, walk.psd using Guid(43ff505ca6a01fe43bf54ebfeda7cc1c) Importer(815301076,1909f56bfc062723c751e8b465ee728b) (PreviewImporter) -> (artifact id: '7ab7f26fbc72882e49967502aa14bbb1') in 0.1475403 seconds
Number of updated asset objects reloaded before import = 0Number of asset objects unloaded after import = 3

========================================================================
Received Import Request.
  Time since last request: 0.000882 seconds.
  path: Assets/Sprites/Enemyes/2 Enemy/hit.psd
  artifactKey: Guid(64fc7df58d812c440b980b8d2167cc09) Importer(815301076,1909f56bfc062723c751e8b465ee728b)
Start importing Assets/Sprites/Enemyes/2 Enemy/hit.psd using Guid(64fc7df58d812c440b980b8d2167cc09) Importer(815301076,1909f56bfc062723c751e8b465ee728b) (PreviewImporter) -> (artifact id: '7eb009fa3dbd3fdd3afcacee2fcf4829') in 1.033817 seconds
Number of updated asset objects reloaded before import = 0Number of asset objects unloaded after import = 3

========================================================================
Received Import Request.
  Time since last request: 3.184988 seconds.
  path: Assets/Sprites/Enemyes/2 Enemy/PNG
  artifactKey: Guid(85f7e380c7f7eb04b8db62bbdebebfc3) Importer(815301076,1909f56bfc062723c751e8b465ee728b)
Start importing Assets/Sprites/Enemyes/2 Enemy/PNG using Guid(85f7e380c7f7eb04b8db62bbdebebfc3) Importer(815301076,1909f56bfc062723c751e8b465ee728b) (PreviewImporter) -> (artifact id: 'ea574938b151c292b94b7dbe5c810a3a') in 0.005314 seconds
Number of updated asset objects reloaded before import = 0Number of asset objects unloaded after import = 0

========================================================================
Received Import Request.
  Time since last request: 0.112084 seconds.
  path: Assets/Sprites/Enemyes/2 Enemy/PNG/attack-A1.png
  artifactKey: Guid(ac03eb8e43864ca4fa68ef4fdd949765) Importer(815301076,1909f56bfc062723c751e8b465ee728b)
Start importing Assets/Sprites/Enemyes/2 Enemy/PNG/attack-A1.png using Guid(ac03eb8e43864ca4fa68ef4fdd949765) Importer(815301076,1909f56bfc062723c751e8b465ee728b) (PreviewImporter) -> (artifact id: 'ec8f50ad41405a2b4afd82e0fc5d400a') in 0.0791448 seconds
Number of updated asset objects reloaded before import = 0Number of asset objects unloaded after import = 3

========================================================================
Received Import Request.
  Time since last request: 0.003084 seconds.
  path: Assets/Sprites/Enemyes/2 Enemy/PNG/attack-B6.png
  artifactKey: Guid(006e6c78e3cc7d144a05899457ea80b9) Importer(815301076,1909f56bfc062723c751e8b465ee728b)
Start importing Assets/Sprites/Enemyes/2 Enemy/PNG/attack-B6.png using Guid(006e6c78e3cc7d144a05899457ea80b9) Importer(815301076,1909f56bfc062723c751e8b465ee728b) (PreviewImporter) -> (artifact id: 'ea45b1ff2b112edac29c0f3db41c66d6') in 0.069538 seconds
Number of updated asset objects reloaded before import = 0Number of asset objects unloaded after import = 3

========================================================================
Received Import Request.
  Time since last request: 0.000046 seconds.
  path: Assets/Sprites/Enemyes/2 Enemy/PNG/attack-A8.png
  artifactKey: Guid(46f1b5a7f57bc3f4ea17dd4bd5c60c1f) Importer(815301076,1909f56bfc062723c751e8b465ee728b)
Start importing Assets/Sprites/Enemyes/2 Enemy/PNG/attack-A8.png using Guid(46f1b5a7f57bc3f4ea17dd4bd5c60c1f) Importer(815301076,1909f56bfc062723c751e8b465ee728b) (PreviewImporter) -> (artifact id: '798e35759b85829ee7911d751cff3fdb') in 0.0905154 seconds
Number of updated asset objects reloaded before import = 0Number of asset objects unloaded after import = 3

========================================================================
Received Import Request.
  Time since last request: 0.000363 seconds.
  path: Assets/Sprites/Enemyes/2 Enemy/PNG/attack-A4.png
  artifactKey: Guid(96892870bd6722c41bec9a7028376e3c) Importer(815301076,1909f56bfc062723c751e8b465ee728b)
Start importing Assets/Sprites/Enemyes/2 Enemy/PNG/attack-A4.png using Guid(96892870bd6722c41bec9a7028376e3c) Importer(815301076,1909f56bfc062723c751e8b465ee728b) (PreviewImporter) -> (artifact id: 'af4a5011c2e7d38cf27db81361f55a45') in 0.206222 seconds
Number of updated asset objects reloaded before import = 0Number of asset objects unloaded after import = 3

========================================================================
Received Import Request.
  Time since last request: 0.000546 seconds.
  path: Assets/Sprites/Enemyes/2 Enemy/PNG/attack-B5.png
  artifactKey: Guid(7c04f1a0337ff234cb654138b5082332) Importer(815301076,1909f56bfc062723c751e8b465ee728b)
Start importing Assets/Sprites/Enemyes/2 Enemy/PNG/attack-B5.png using Guid(7c04f1a0337ff234cb654138b5082332) Importer(815301076,1909f56bfc062723c751e8b465ee728b) (PreviewImporter) -> (artifact id: 'f6242e956aec8b6ff1b822e62af47398') in 0.2605344 seconds
Number of updated asset objects reloaded before import = 0Number of asset objects unloaded after import = 3

========================================================================
Received Import Request.
  Time since last request: 0.003549 seconds.
  path: Assets/Sprites/Enemyes/2 Enemy/PNG/attack-B4.png
  artifactKey: Guid(4131adacbdbc3fd4a8300a2963e44f0e) Importer(815301076,1909f56bfc062723c751e8b465ee728b)
Start importing Assets/Sprites/Enemyes/2 Enemy/PNG/attack-B4.png using Guid(4131adacbdbc3fd4a8300a2963e44f0e) Importer(815301076,1909f56bfc062723c751e8b465ee728b) (PreviewImporter) -> (artifact id: 'b0ddb8a4ff06d033686557685d8288ac') in 0.1427903 seconds
Number of updated asset objects reloaded before import = 0Number of asset objects unloaded after import = 3

========================================================================
Received Import Request.
  Time since last request: 0.002853 seconds.
  path: Assets/Sprites/Enemyes/2 Enemy/PNG/attack-A3.png
  artifactKey: Guid(db3a3a1e948c9c749bb6dffe12f9345d) Importer(815301076,1909f56bfc062723c751e8b465ee728b)
Start importing Assets/Sprites/Enemyes/2 Enemy/PNG/attack-A3.png using Guid(db3a3a1e948c9c749bb6dffe12f9345d) Importer(815301076,1909f56bfc062723c751e8b465ee728b) (PreviewImporter) -> (artifact id: '744503791b251b599831c86483bc1cf5') in 0.9449236 seconds
Number of updated asset objects reloaded before import = 0Number of asset objects unloaded after import = 3

========================================================================
Received Import Request.
  Time since last request: 0.010012 seconds.
  path: Assets/Sprites/Enemyes/2 Enemy/PNG/attack-A10.png
  artifactKey: Guid(1bbedb0daa8e64146a8cc188ae5c8880) Importer(815301076,1909f56bfc062723c751e8b465ee728b)
Start importing Assets/Sprites/Enemyes/2 Enemy/PNG/attack-A10.png using Guid(1bbedb0daa8e64146a8cc188ae5c8880) Importer(815301076,1909f56bfc062723c751e8b465ee728b) (PreviewImporter) -> (artifact id: '604d5ee3b75e0247db6037e2e89a9dab') in 0.1550248 seconds
Number of updated asset objects reloaded before import = 0Number of asset objects unloaded after import = 3

========================================================================
Received Import Request.
  Time since last request: 0.017289 seconds.
  path: Assets/Sprites/Enemyes/2 Enemy/PNG/attack-B1.png
  artifactKey: Guid(b72e3eb99264fc84da7ca0c8eb1aad5c) Importer(815301076,1909f56bfc062723c751e8b465ee728b)
Start importing Assets/Sprites/Enemyes/2 Enemy/PNG/attack-B1.png using Guid(b72e3eb99264fc84da7ca0c8eb1aad5c) Importer(815301076,1909f56bfc062723c751e8b465ee728b) (PreviewImporter) -> (artifact id: '44e42bd1cf240daf45adb853fde5554c') in 0.2366539 seconds
Number of updated asset objects reloaded before import = 0Number of asset objects unloaded after import = 3

========================================================================
Received Import Request.
  Time since last request: 0.003650 seconds.
  path: Assets/Sprites/Enemyes/2 Enemy/PNG/hit-1.png
  artifactKey: Guid(aadc0888446c40040b2062db4abd36b2) Importer(815301076,1909f56bfc062723c751e8b465ee728b)
Start importing Assets/Sprites/Enemyes/2 Enemy/PNG/hit-1.png using Guid(aadc0888446c40040b2062db4abd36b2) Importer(815301076,1909f56bfc062723c751e8b465ee728b) (PreviewImporter) -> (artifact id: 'fc5edcace2dc6922928ccd0aad34258b') in 0.0959296 seconds
Number of updated asset objects reloaded before import = 0Number of asset objects unloaded after import = 3

========================================================================
Received Import Request.
  Time since last request: 0.000539 seconds.
  path: Assets/Sprites/Enemyes/2 Enemy/PNG/dead-3.png
  artifactKey: Guid(19668ec592e0deb4d8bf471fe5fb7234) Importer(815301076,1909f56bfc062723c751e8b465ee728b)
Start importing Assets/Sprites/Enemyes/2 Enemy/PNG/dead-3.png using Guid(19668ec592e0deb4d8bf471fe5fb7234) Importer(815301076,1909f56bfc062723c751e8b465ee728b) (PreviewImporter) -> (artifact id: '9a7a4d0ce72909a91e3f7a7ae6c0de31') in 0.1741458 seconds
Number of updated asset objects reloaded before import = 0Number of asset objects unloaded after import = 3

========================================================================
Received Import Request.
  Time since last request: 0.001413 seconds.
  path: Assets/Sprites/Enemyes/2 Enemy/PNG/dead-2.png
  artifactKey: Guid(4e7b0a33377d71c45b8d181e967fdc71) Importer(815301076,1909f56bfc062723c751e8b465ee728b)
Start importing Assets/Sprites/Enemyes/2 Enemy/PNG/dead-2.png using Guid(4e7b0a33377d71c45b8d181e967fdc71) Importer(815301076,1909f56bfc062723c751e8b465ee728b) (PreviewImporter) -> (artifact id: '418d4365b5f7b84c8147117e3af2d74a') in 0.1205134 seconds
Number of updated asset objects reloaded before import = 0Number of asset objects unloaded after import = 3

========================================================================
Received Import Request.
  Time since last request: 0.000634 seconds.
  path: Assets/Sprites/Enemyes/2 Enemy/PNG/idle-3.png
  artifactKey: Guid(2c56dc5bbe04816498f12b52f9dd79ef) Importer(815301076,1909f56bfc062723c751e8b465ee728b)
Start importing Assets/Sprites/Enemyes/2 Enemy/PNG/idle-3.png using Guid(2c56dc5bbe04816498f12b52f9dd79ef) Importer(815301076,1909f56bfc062723c751e8b465ee728b) (PreviewImporter) -> (artifact id: '07bc4d4465c5344d8a8b4412a526092f') in 0.1493811 seconds
Number of updated asset objects reloaded before import = 0Number of asset objects unloaded after import = 3

========================================================================
Received Import Request.
  Time since last request: 0.001195 seconds.
  path: Assets/Sprites/Enemyes/2 Enemy/PNG/jump-3.png
  artifactKey: Guid(84ac5ae405396054195dbe2be0faa7fd) Importer(815301076,1909f56bfc062723c751e8b465ee728b)
Start importing Assets/Sprites/Enemyes/2 Enemy/PNG/jump-3.png using Guid(84ac5ae405396054195dbe2be0faa7fd) Importer(815301076,1909f56bfc062723c751e8b465ee728b) (PreviewImporter) -> (artifact id: '5d45ea047b72fbc9a5be08d3a2901e24') in 0.0974775 seconds
Number of updated asset objects reloaded before import = 0Number of asset objects unloaded after import = 3

========================================================================
Received Import Request.
  Time since last request: 0.000821 seconds.
  path: Assets/Sprites/Enemyes/2 Enemy/PNG/shield-block-2.png
  artifactKey: Guid(946283011e0210b4289b2f7361295ebc) Importer(815301076,1909f56bfc062723c751e8b465ee728b)
Start importing Assets/Sprites/Enemyes/2 Enemy/PNG/shield-block-2.png using Guid(946283011e0210b4289b2f7361295ebc) Importer(815301076,1909f56bfc062723c751e8b465ee728b) (PreviewImporter) -> (artifact id: '6809846e85fc8d694cea6b3e57b589fe') in 0.1309082 seconds
Number of updated asset objects reloaded before import = 0Number of asset objects unloaded after import = 3

========================================================================
Received Import Request.
  Time since last request: 0.000401 seconds.
  path: Assets/Sprites/Enemyes/2 Enemy/PNG/walk-3.png
  artifactKey: Guid(cbab92f5e3e07a74e909d15482c29e38) Importer(815301076,1909f56bfc062723c751e8b465ee728b)
Start importing Assets/Sprites/Enemyes/2 Enemy/PNG/walk-3.png using Guid(cbab92f5e3e07a74e909d15482c29e38) Importer(815301076,1909f56bfc062723c751e8b465ee728b) (PreviewImporter) -> (artifact id: 'ae6261717fc7ac3d87dbd60085c23fd6') in 0.1237059 seconds
Number of updated asset objects reloaded before import = 0Number of asset objects unloaded after import = 3

========================================================================
Received Import Request.
  Time since last request: 0.003090 seconds.
  path: Assets/Sprites/Enemyes/2 Enemy/PNG/walk-1.png
  artifactKey: Guid(440097aab0d5d964a93a7b19d74e2b8a) Importer(815301076,1909f56bfc062723c751e8b465ee728b)
Start importing Assets/Sprites/Enemyes/2 Enemy/PNG/walk-1.png using Guid(440097aab0d5d964a93a7b19d74e2b8a) Importer(815301076,1909f56bfc062723c751e8b465ee728b) (PreviewImporter) -> (artifact id: '8ba43ba95ae96e80ac25b06310c000d5') in 0.322321 seconds
Number of updated asset objects reloaded before import = 0Number of asset objects unloaded after import = 3

========================================================================
Received Import Request.
  Time since last request: 0.482340 seconds.
  path: Assets/Sprites/Enemyes/2 Enemy/PNG/jump-5.png
  artifactKey: Guid(2ae98b71689be36409189d6aaf1bab51) Importer(815301076,1909f56bfc062723c751e8b465ee728b)
Start importing Assets/Sprites/Enemyes/2 Enemy/PNG/jump-5.png using Guid(2ae98b71689be36409189d6aaf1bab51) Importer(815301076,1909f56bfc062723c751e8b465ee728b) (PreviewImporter) -> (artifact id: '1c53aae9cf673871d7916f390f64d862') in 0.1681947 seconds
Number of updated asset objects reloaded before import = 0Number of asset objects unloaded after import = 3

========================================================================
Received Import Request.
  Time since last request: 0.000430 seconds.
  path: Assets/Sprites/Enemyes/2 Enemy/PNG/attack-A12.png
  artifactKey: Guid(60cb52ecf5187484eab398f602bd6519) Importer(815301076,1909f56bfc062723c751e8b465ee728b)
Start importing Assets/Sprites/Enemyes/2 Enemy/PNG/attack-A12.png using Guid(60cb52ecf5187484eab398f602bd6519) Importer(815301076,1909f56bfc062723c751e8b465ee728b) (PreviewImporter) -> (artifact id: '5b7153624cd2d7349f98e9b241496f57') in 0.1734809 seconds
Number of updated asset objects reloaded before import = 0Number of asset objects unloaded after import = 3

========================================================================
Received Import Request.
  Time since last request: 0.001704 seconds.
  path: Assets/Sprites/Enemyes/2 Enemy/PNG/attack-A5.png
  artifactKey: Guid(1b3d54670684d8840af8416490bc831d) Importer(815301076,1909f56bfc062723c751e8b465ee728b)
Start importing Assets/Sprites/Enemyes/2 Enemy/PNG/attack-A5.png using Guid(1b3d54670684d8840af8416490bc831d) Importer(815301076,1909f56bfc062723c751e8b465ee728b) (PreviewImporter) -> (artifact id: '42b223b9ad0857f7fc88dc3030427700') in 0.321706 seconds
Number of updated asset objects reloaded before import = 0Number of asset objects unloaded after import = 3

========================================================================
Received Import Request.
  Time since last request: 0.001523 seconds.
  path: Assets/Sprites/Enemyes/2 Enemy/PNG/hit-2.png
  artifactKey: Guid(326c8fb34070ce54697e6e17b6f83a4f) Importer(815301076,1909f56bfc062723c751e8b465ee728b)
Start importing Assets/Sprites/Enemyes/2 Enemy/PNG/hit-2.png using Guid(326c8fb34070ce54697e6e17b6f83a4f) Importer(815301076,1909f56bfc062723c751e8b465ee728b) (PreviewImporter) -> (artifact id: 'db70068cc3af7bf6fe1ed718caf89c4a') in 0.1879643 seconds
Number of updated asset objects reloaded before import = 0Number of asset objects unloaded after import = 3

========================================================================
Received Import Request.
  Time since last request: 0.000969 seconds.
  path: Assets/Sprites/Enemyes/2 Enemy/PNG/attack-A11.png
  artifactKey: Guid(6f5c74c3f8f3d024faf3c65505fb8e9b) Importer(815301076,1909f56bfc062723c751e8b465ee728b)
Start importing Assets/Sprites/Enemyes/2 Enemy/PNG/attack-A11.png using Guid(6f5c74c3f8f3d024faf3c65505fb8e9b) Importer(815301076,1909f56bfc062723c751e8b465ee728b) (PreviewImporter) -> (artifact id: 'f4ddcfbd23c7f255aa5dfac4b2808713') in 0.8449887 seconds
Number of updated asset objects reloaded before import = 0Number of asset objects unloaded after import = 3

========================================================================
Received Import Request.
  Time since last request: 0.004128 seconds.
  path: Assets/Sprites/Enemyes/2 Enemy/PNG/attack-A9.png
  artifactKey: Guid(136b996f6be22f14d9459e6b95f51418) Importer(815301076,1909f56bfc062723c751e8b465ee728b)
Start importing Assets/Sprites/Enemyes/2 Enemy/PNG/attack-A9.png using Guid(136b996f6be22f14d9459e6b95f51418) Importer(815301076,1909f56bfc062723c751e8b465ee728b) (PreviewImporter) -> (artifact id: 'c08fafbf677ff970b61a2daf930e6c66') in 0.1162786 seconds
Number of updated asset objects reloaded before import = 0Number of asset objects unloaded after import = 3

========================================================================
Received Import Request.
  Time since last request: 0.000883 seconds.
  path: Assets/Sprites/Enemyes/2 Enemy/PNG/attack-B3.png
  artifactKey: Guid(c261c4d77956596428badc2543d8a301) Importer(815301076,1909f56bfc062723c751e8b465ee728b)
Start importing Assets/Sprites/Enemyes/2 Enemy/PNG/attack-B3.png using Guid(c261c4d77956596428badc2543d8a301) Importer(815301076,1909f56bfc062723c751e8b465ee728b) (PreviewImporter) -> (artifact id: 'fca4eb1f20a962456c0efb673b37f376') in 0.1560838 seconds
Number of updated asset objects reloaded before import = 0Number of asset objects unloaded after import = 4

========================================================================
Received Import Request.
  Time since last request: 0.003601 seconds.
  path: Assets/Sprites/Enemyes/2 Enemy/PNG/attack-B7.png
  artifactKey: Guid(286af34a088b4b14f9d839d95e04cba7) Importer(815301076,1909f56bfc062723c751e8b465ee728b)
Start importing Assets/Sprites/Enemyes/2 Enemy/PNG/attack-B7.png using Guid(286af34a088b4b14f9d839d95e04cba7) Importer(815301076,1909f56bfc062723c751e8b465ee728b) (PreviewImporter) -> (artifact id: 'c3407277577b9683c8fccee81389d365') in 0.1287027 seconds
Number of updated asset objects reloaded before import = 0Number of asset objects unloaded after import = 3

========================================================================
Received Import Request.
  Time since last request: 0.001869 seconds.
  path: Assets/Sprites/Enemyes/2 Enemy/PNG/jump-2.png
  artifactKey: Guid(d7f78521d1df8d34f85b6800dc941fb8) Importer(815301076,1909f56bfc062723c751e8b465ee728b)
Start importing Assets/Sprites/Enemyes/2 Enemy/PNG/jump-2.png using Guid(d7f78521d1df8d34f85b6800dc941fb8) Importer(815301076,1909f56bfc062723c751e8b465ee728b) (PreviewImporter) -> (artifact id: 'd6ea1e140bc67c016022c5df249dd72e') in 0.1159044 seconds
Number of updated asset objects reloaded before import = 0Number of asset objects unloaded after import = 3

========================================================================
Received Import Request.
  Time since last request: 0.004038 seconds.
  path: Assets/Sprites/Enemyes/2 Enemy/PNG/walk-5.png
  artifactKey: Guid(f5ec273a434661b48858933991c8e19c) Importer(815301076,1909f56bfc062723c751e8b465ee728b)
Start importing Assets/Sprites/Enemyes/2 Enemy/PNG/walk-5.png using Guid(f5ec273a434661b48858933991c8e19c) Importer(815301076,1909f56bfc062723c751e8b465ee728b) (PreviewImporter) -> (artifact id: 'dbc0407807e5e2984ab7b952429a6440') in 0.1290839 seconds
Number of updated asset objects reloaded before import = 0Number of asset objects unloaded after import = 3

========================================================================
Received Import Request.
  Time since last request: 0.004260 seconds.
  path: Assets/Sprites/Enemyes/2 Enemy/PNG/walk-4.png
  artifactKey: Guid(f4b1c88a1d34a9e46835fd1f3b8f8f95) Importer(815301076,1909f56bfc062723c751e8b465ee728b)
Start importing Assets/Sprites/Enemyes/2 Enemy/PNG/walk-4.png using Guid(f4b1c88a1d34a9e46835fd1f3b8f8f95) Importer(815301076,1909f56bfc062723c751e8b465ee728b) (PreviewImporter) -> (artifact id: '03a1cea07a00246abe2177411c2f6f25') in 0.3006436 seconds
Number of updated asset objects reloaded before import = 0Number of asset objects unloaded after import = 3

========================================================================
Received Import Request.
  Time since last request: 0.010198 seconds.
  path: Assets/Sprites/Enemyes/2 Enemy/PNG/attack-A7.png
  artifactKey: Guid(17b2222e64bbec34ca732b2cce2d7755) Importer(815301076,1909f56bfc062723c751e8b465ee728b)
Start importing Assets/Sprites/Enemyes/2 Enemy/PNG/attack-A7.png using Guid(17b2222e64bbec34ca732b2cce2d7755) Importer(815301076,1909f56bfc062723c751e8b465ee728b) (PreviewImporter) -> (artifact id: '2b27e52c33cefdf3e22c3108d394c141') in 0.1019481 seconds
Number of updated asset objects reloaded before import = 0Number of asset objects unloaded after import = 3

========================================================================
Received Import Request.
  Time since last request: 0.001101 seconds.
  path: Assets/Sprites/Enemyes/2 Enemy/PNG/attack-B2.png
  artifactKey: Guid(e12d1c8f83f6c5f4b9b44f6653d99068) Importer(815301076,1909f56bfc062723c751e8b465ee728b)
Start importing Assets/Sprites/Enemyes/2 Enemy/PNG/attack-B2.png using Guid(e12d1c8f83f6c5f4b9b44f6653d99068) Importer(815301076,1909f56bfc062723c751e8b465ee728b) (PreviewImporter) -> (artifact id: '00e1422bfbb00ab748cb2867eec0027c') in 0.1976687 seconds
Number of updated asset objects reloaded before import = 0Number of asset objects unloaded after import = 3

========================================================================
Received Import Request.
  Time since last request: 0.021727 seconds.
  path: Assets/Sprites/Enemyes/2 Enemy/PNG/idle-4.png
  artifactKey: Guid(2bd688d11cc36d64f89ead97a22b8160) Importer(815301076,1909f56bfc062723c751e8b465ee728b)
Start importing Assets/Sprites/Enemyes/2 Enemy/PNG/idle-4.png using Guid(2bd688d11cc36d64f89ead97a22b8160) Importer(815301076,1909f56bfc062723c751e8b465ee728b) (PreviewImporter) -> (artifact id: '80f13242a5b95b744bbfe26a4a098c70') in 0.126614 seconds
Number of updated asset objects reloaded before import = 0Number of asset objects unloaded after import = 3

========================================================================
Received Import Request.
  Time since last request: 0.025759 seconds.
  path: Assets/Sprites/Enemyes/2 Enemy/PNG/dead-1.png
  artifactKey: Guid(5eb642426d4557d4cb84030d3fdca559) Importer(815301076,1909f56bfc062723c751e8b465ee728b)
Start importing Assets/Sprites/Enemyes/2 Enemy/PNG/dead-1.png using Guid(5eb642426d4557d4cb84030d3fdca559) Importer(815301076,1909f56bfc062723c751e8b465ee728b) (PreviewImporter) -> (artifact id: 'bd0878fcc3a15e04b7d894a4c95ae003') in 0.4367213 seconds
Number of updated asset objects reloaded before import = 0Number of asset objects unloaded after import = 3

========================================================================
Received Import Request.
  Time since last request: 0.000384 seconds.
  path: Assets/Sprites/Enemyes/2 Enemy/PNG/jump-4.png
  artifactKey: Guid(05daea85cbd88ab42b94860440143eea) Importer(815301076,1909f56bfc062723c751e8b465ee728b)
Start importing Assets/Sprites/Enemyes/2 Enemy/PNG/jump-4.png using Guid(05daea85cbd88ab42b94860440143eea) Importer(815301076,1909f56bfc062723c751e8b465ee728b) (PreviewImporter) -> (artifact id: '903a37cf4b62abce60eb18df6b2509ed') in 0.0239231 seconds
Number of updated asset objects reloaded before import = 0Number of asset objects unloaded after import = 3

========================================================================
Received Import Request.
  Time since last request: 0.000394 seconds.
  path: Assets/Sprites/Enemyes/2 Enemy/PNG/dead-4.png
  artifactKey: Guid(d81eb982bbd4cf84da41f3a23e64e4bb) Importer(815301076,1909f56bfc062723c751e8b465ee728b)
Start importing Assets/Sprites/Enemyes/2 Enemy/PNG/dead-4.png using Guid(d81eb982bbd4cf84da41f3a23e64e4bb) Importer(815301076,1909f56bfc062723c751e8b465ee728b) (PreviewImporter) -> (artifact id: '83eab4f9c74c1cd5875f7a920bb50196') in 0.5586069 seconds
Number of updated asset objects reloaded before import = 0Number of asset objects unloaded after import = 3

========================================================================
Received Import Request.
  Time since last request: 0.000421 seconds.
  path: Assets/Sprites/Enemyes/2 Enemy/PNG/jump-1.png
  artifactKey: Guid(4ae871e0abaf1764eadc11a8bc5d67f0) Importer(815301076,1909f56bfc062723c751e8b465ee728b)
Start importing Assets/Sprites/Enemyes/2 Enemy/PNG/jump-1.png using Guid(4ae871e0abaf1764eadc11a8bc5d67f0) Importer(815301076,1909f56bfc062723c751e8b465ee728b) (PreviewImporter) -> (artifact id: 'cbede3bfa5902457e6e9c793605f3bf5') in 0.1397665 seconds
Number of updated asset objects reloaded before import = 0Number of asset objects unloaded after import = 3

========================================================================
Received Import Request.
  Time since last request: 0.007995 seconds.
  path: Assets/Sprites/Enemyes/2 Enemy/PNG/walk-2.png
  artifactKey: Guid(ac9ca389c4ef1ca4cae29a5bb01014c5) Importer(815301076,1909f56bfc062723c751e8b465ee728b)
Start importing Assets/Sprites/Enemyes/2 Enemy/PNG/walk-2.png using Guid(ac9ca389c4ef1ca4cae29a5bb01014c5) Importer(815301076,1909f56bfc062723c751e8b465ee728b) (PreviewImporter) -> (artifact id: '0b1849cd2a874554c3b2a9e28bca52e3') in 0.0872206 seconds
Number of updated asset objects reloaded before import = 0Number of asset objects unloaded after import = 3

========================================================================
Received Import Request.
  Time since last request: 0.001100 seconds.
  path: Assets/Sprites/Enemyes/2 Enemy/PNG/attack-A6.png
  artifactKey: Guid(2eeaa7effefd3c7498f9402623e7e4db) Importer(815301076,1909f56bfc062723c751e8b465ee728b)
Start importing Assets/Sprites/Enemyes/2 Enemy/PNG/attack-A6.png using Guid(2eeaa7effefd3c7498f9402623e7e4db) Importer(815301076,1909f56bfc062723c751e8b465ee728b) (PreviewImporter) -> (artifact id: '16e8ae3593c894d540beeb83140bc5fa') in 0.0661835 seconds
Number of updated asset objects reloaded before import = 0Number of asset objects unloaded after import = 3

========================================================================
Received Import Request.
  Time since last request: 0.008333 seconds.
  path: Assets/Sprites/Enemyes/2 Enemy/PNG/attack-A2.png
  artifactKey: Guid(37cca544a3230ff47825743ff526b97e) Importer(815301076,1909f56bfc062723c751e8b465ee728b)
Start importing Assets/Sprites/Enemyes/2 Enemy/PNG/attack-A2.png using Guid(37cca544a3230ff47825743ff526b97e) Importer(815301076,1909f56bfc062723c751e8b465ee728b) (PreviewImporter) -> (artifact id: '988e2676c5bc027a41751156b25a154d') in 0.0765846 seconds
Number of updated asset objects reloaded before import = 0Number of asset objects unloaded after import = 4

========================================================================
Received Import Request.
  Time since last request: 0.000758 seconds.
  path: Assets/Sprites/Enemyes/2 Enemy/PNG/hit-3.png
  artifactKey: Guid(15da9fa445e6fd848baefc97e786e92b) Importer(815301076,1909f56bfc062723c751e8b465ee728b)
Start importing Assets/Sprites/Enemyes/2 Enemy/PNG/hit-3.png using Guid(15da9fa445e6fd848baefc97e786e92b) Importer(815301076,1909f56bfc062723c751e8b465ee728b) (PreviewImporter) -> (artifact id: 'd9dad48cda5f326584a48be9b638ee13') in 0.1060148 seconds
Number of updated asset objects reloaded before import = 0Number of asset objects unloaded after import = 3

========================================================================
Received Import Request.
  Time since last request: 0.000526 seconds.
  path: Assets/Sprites/Enemyes/2 Enemy/PNG/idle-1.png
  artifactKey: Guid(18493dcbf18bfb146af9cd2838e26c0c) Importer(815301076,1909f56bfc062723c751e8b465ee728b)
Start importing Assets/Sprites/Enemyes/2 Enemy/PNG/idle-1.png using Guid(18493dcbf18bfb146af9cd2838e26c0c) Importer(815301076,1909f56bfc062723c751e8b465ee728b) (PreviewImporter) -> (artifact id: '99e98680d404f5d7beeda786f4ee19bc') in 0.1395938 seconds
Number of updated asset objects reloaded before import = 0Number of asset objects unloaded after import = 3

========================================================================
Received Import Request.
  Time since last request: 0.004981 seconds.
  path: Assets/Sprites/Enemyes/2 Enemy/PNG/idle-2.png
  artifactKey: Guid(9d9b5be7d9f0af24983a56d29a25d914) Importer(815301076,1909f56bfc062723c751e8b465ee728b)
Start importing Assets/Sprites/Enemyes/2 Enemy/PNG/idle-2.png using Guid(9d9b5be7d9f0af24983a56d29a25d914) Importer(815301076,1909f56bfc062723c751e8b465ee728b) (PreviewImporter) -> (artifact id: '3dde52fd26c5dd239181a7940ddc61a6') in 0.1507689 seconds
Number of updated asset objects reloaded before import = 0Number of asset objects unloaded after import = 3

========================================================================
Received Import Request.
  Time since last request: 0.002663 seconds.
  path: Assets/Sprites/Enemyes/2 Enemy/PNG/shield-block-1.png
  artifactKey: Guid(8a047a5e734439e4e99f0f7687ae9046) Importer(815301076,1909f56bfc062723c751e8b465ee728b)
Start importing Assets/Sprites/Enemyes/2 Enemy/PNG/shield-block-1.png using Guid(8a047a5e734439e4e99f0f7687ae9046) Importer(815301076,1909f56bfc062723c751e8b465ee728b) (PreviewImporter) -> (artifact id: 'a774fa432f774b58f0bc22346f302384') in 0.0501477 seconds
Number of updated asset objects reloaded before import = 0Number of asset objects unloaded after import = 3

========================================================================
Received Import Request.
  Time since last request: 0.001270 seconds.
  path: Assets/Sprites/Enemyes/2 Enemy/PNG/walk-6.png
  artifactKey: Guid(b514c5534eec13c4e8526cac04b6bc5d) Importer(815301076,1909f56bfc062723c751e8b465ee728b)
Start importing Assets/Sprites/Enemyes/2 Enemy/PNG/walk-6.png using Guid(b514c5534eec13c4e8526cac04b6bc5d) Importer(815301076,1909f56bfc062723c751e8b465ee728b) (PreviewImporter) -> (artifact id: 'b64c0e9393e47957f6467c11baf6ef8a') in 0.0493554 seconds
Number of updated asset objects reloaded before import = 0Number of asset objects unloaded after import = 3

========================================================================
Received Import Request.
  Time since last request: 20.854638 seconds.
  path: Assets/Sprites/Enemyes/2 Enemy/PNG/walk-6.png
  artifactKey: Guid(b514c5534eec13c4e8526cac04b6bc5d) Importer(815301076,1909f56bfc062723c751e8b465ee728b)
Start importing Assets/Sprites/Enemyes/2 Enemy/PNG/walk-6.png using Guid(b514c5534eec13c4e8526cac04b6bc5d) Importer(815301076,1909f56bfc062723c751e8b465ee728b) (PreviewImporter) -> (artifact id: '96b65a8b722fe787ef4793ddf1ef5cdb') in 0.0406474 seconds
Number of updated asset objects reloaded before import = 0Number of asset objects unloaded after import = 3

========================================================================
Received Import Request.
  Time since last request: 0.000434 seconds.
  path: Assets/Sprites/Enemyes/2 Enemy/PNG/walk-3.png
  artifactKey: Guid(cbab92f5e3e07a74e909d15482c29e38) Importer(815301076,1909f56bfc062723c751e8b465ee728b)
Start importing Assets/Sprites/Enemyes/2 Enemy/PNG/walk-3.png using Guid(cbab92f5e3e07a74e909d15482c29e38) Importer(815301076,1909f56bfc062723c751e8b465ee728b) (PreviewImporter) -> (artifact id: '9015e322f1efc270b246454827fe2140') in 0.0319836 seconds
Number of updated asset objects reloaded before import = 0Number of asset objects unloaded after import = 3

========================================================================
Received Import Request.
  Time since last request: 0.003527 seconds.
  path: Assets/Sprites/Enemyes/2 Enemy/PNG/idle-3.png
  artifactKey: Guid(2c56dc5bbe04816498f12b52f9dd79ef) Importer(815301076,1909f56bfc062723c751e8b465ee728b)
Start importing Assets/Sprites/Enemyes/2 Enemy/PNG/idle-3.png using Guid(2c56dc5bbe04816498f12b52f9dd79ef) Importer(815301076,1909f56bfc062723c751e8b465ee728b) (PreviewImporter) -> (artifact id: 'c5b0e17719df1b1618ed2a11fa97da4c') in 0.0543386 seconds
Number of updated asset objects reloaded before import = 0Number of asset objects unloaded after import = 3

========================================================================
Received Import Request.
  Time since last request: 0.001137 seconds.
  path: Assets/Sprites/Enemyes/2 Enemy/PNG/walk-1.png
  artifactKey: Guid(440097aab0d5d964a93a7b19d74e2b8a) Importer(815301076,1909f56bfc062723c751e8b465ee728b)
Start importing Assets/Sprites/Enemyes/2 Enemy/PNG/walk-1.png using Guid(440097aab0d5d964a93a7b19d74e2b8a) Importer(815301076,1909f56bfc062723c751e8b465ee728b) (PreviewImporter) -> (artifact id: 'c8924ef383543cad20847fd21f6a7098') in 0.0374722 seconds
Number of updated asset objects reloaded before import = 0Number of asset objects unloaded after import = 3

========================================================================
Received Import Request.
  Time since last request: 0.014991 seconds.
  path: Assets/Sprites/Enemyes/2 Enemy/PNG/jump-3.png
  artifactKey: Guid(84ac5ae405396054195dbe2be0faa7fd) Importer(815301076,1909f56bfc062723c751e8b465ee728b)
Start importing Assets/Sprites/Enemyes/2 Enemy/PNG/jump-3.png using Guid(84ac5ae405396054195dbe2be0faa7fd) Importer(815301076,1909f56bfc062723c751e8b465ee728b) (PreviewImporter) -> (artifact id: '03a97a5c028791ecfea45e0e08856d52') in 0.0467125 seconds
Number of updated asset objects reloaded before import = 0Number of asset objects unloaded after import = 3

========================================================================
Received Import Request.
  Time since last request: 0.001360 seconds.
  path: Assets/Sprites/Enemyes/2 Enemy/PNG/shield-block-2.png
  artifactKey: Guid(946283011e0210b4289b2f7361295ebc) Importer(815301076,1909f56bfc062723c751e8b465ee728b)
Start importing Assets/Sprites/Enemyes/2 Enemy/PNG/shield-block-2.png using Guid(946283011e0210b4289b2f7361295ebc) Importer(815301076,1909f56bfc062723c751e8b465ee728b) (PreviewImporter) -> (artifact id: 'ddeaf3af84ed12e9edbce722c7f8ef90') in 0.0750666 seconds
Number of updated asset objects reloaded before import = 0Number of asset objects unloaded after import = 3

========================================================================
Received Import Request.
  Time since last request: 0.000360 seconds.
  path: Assets/Sprites/Enemyes/2 Enemy/PNG/hit-1.png
  artifactKey: Guid(aadc0888446c40040b2062db4abd36b2) Importer(815301076,1909f56bfc062723c751e8b465ee728b)
Start importing Assets/Sprites/Enemyes/2 Enemy/PNG/hit-1.png using Guid(aadc0888446c40040b2062db4abd36b2) Importer(815301076,1909f56bfc062723c751e8b465ee728b) (PreviewImporter) -> (artifact id: '6e163339c4f7c14d208597e870ca21ba') in 0.0492706 seconds
Number of updated asset objects reloaded before import = 0Number of asset objects unloaded after import = 3

========================================================================
Received Import Request.
  Time since last request: 0.001624 seconds.
  path: Assets/Sprites/Enemyes/2 Enemy/PNG/dead-3.png
  artifactKey: Guid(19668ec592e0deb4d8bf471fe5fb7234) Importer(815301076,1909f56bfc062723c751e8b465ee728b)
Start importing Assets/Sprites/Enemyes/2 Enemy/PNG/dead-3.png using Guid(19668ec592e0deb4d8bf471fe5fb7234) Importer(815301076,1909f56bfc062723c751e8b465ee728b) (PreviewImporter) -> (artifact id: 'ac6c629f268a308079b06167f884fbd1') in 0.0453937 seconds
Number of updated asset objects reloaded before import = 0Number of asset objects unloaded after import = 3

========================================================================
Received Import Request.
  Time since last request: 0.000380 seconds.
  path: Assets/Sprites/Enemyes/2 Enemy/PNG/dead-2.png
  artifactKey: Guid(4e7b0a33377d71c45b8d181e967fdc71) Importer(815301076,1909f56bfc062723c751e8b465ee728b)
Start importing Assets/Sprites/Enemyes/2 Enemy/PNG/dead-2.png using Guid(4e7b0a33377d71c45b8d181e967fdc71) Importer(815301076,1909f56bfc062723c751e8b465ee728b) (PreviewImporter) -> (artifact id: '4fce05510436bab0e124cd5d15756f68') in 0.0228216 seconds
Number of updated asset objects reloaded before import = 0Number of asset objects unloaded after import = 3

========================================================================
Received Import Request.
  Time since last request: 0.000628 seconds.
  path: Assets/Sprites/Enemyes/2 Enemy/PNG/jump-5.png
  artifactKey: Guid(2ae98b71689be36409189d6aaf1bab51) Importer(815301076,1909f56bfc062723c751e8b465ee728b)
Start importing Assets/Sprites/Enemyes/2 Enemy/PNG/jump-5.png using Guid(2ae98b71689be36409189d6aaf1bab51) Importer(815301076,1909f56bfc062723c751e8b465ee728b) (PreviewImporter) -> (artifact id: '63fb79f8517969bd222a3a8abfd81568') in 0.3987085 seconds
Number of updated asset objects reloaded before import = 0Number of asset objects unloaded after import = 3

========================================================================
Received Import Request.
  Time since last request: 0.002187 seconds.
  path: Assets/Sprites/Enemyes/2 Enemy/PNG/attack-B6.png
  artifactKey: Guid(006e6c78e3cc7d144a05899457ea80b9) Importer(815301076,1909f56bfc062723c751e8b465ee728b)
Start importing Assets/Sprites/Enemyes/2 Enemy/PNG/attack-B6.png using Guid(006e6c78e3cc7d144a05899457ea80b9) Importer(815301076,1909f56bfc062723c751e8b465ee728b) (PreviewImporter) -> (artifact id: 'ad070df0a54584409155f0b4e4381048') in 0.0812304 seconds
Number of updated asset objects reloaded before import = 0Number of asset objects unloaded after import = 3

========================================================================
Received Import Request.
  Time since last request: 0.000504 seconds.
  path: Assets/Sprites/Enemyes/2 Enemy/PNG/attack-B5.png
  artifactKey: Guid(7c04f1a0337ff234cb654138b5082332) Importer(815301076,1909f56bfc062723c751e8b465ee728b)
Start importing Assets/Sprites/Enemyes/2 Enemy/PNG/attack-B5.png using Guid(7c04f1a0337ff234cb654138b5082332) Importer(815301076,1909f56bfc062723c751e8b465ee728b) (PreviewImporter) -> (artifact id: '6da63286fd6f7288eed198afc1c7edec') in 0.0521512 seconds
Number of updated asset objects reloaded before import = 0Number of asset objects unloaded after import = 3

========================================================================
Received Import Request.
  Time since last request: 0.000640 seconds.
  path: Assets/Sprites/Enemyes/2 Enemy/PNG/attack-B4.png
  artifactKey: Guid(4131adacbdbc3fd4a8300a2963e44f0e) Importer(815301076,1909f56bfc062723c751e8b465ee728b)
Start importing Assets/Sprites/Enemyes/2 Enemy/PNG/attack-B4.png using Guid(4131adacbdbc3fd4a8300a2963e44f0e) Importer(815301076,1909f56bfc062723c751e8b465ee728b) (PreviewImporter) -> (artifact id: '444ea7ed57e661e8ec536f6666d86445') in 0.0670092 seconds
Number of updated asset objects reloaded before import = 0Number of asset objects unloaded after import = 3

========================================================================
Received Import Request.
  Time since last request: 0.000444 seconds.
  path: Assets/Sprites/Enemyes/2 Enemy/PNG/attack-A8.png
  artifactKey: Guid(46f1b5a7f57bc3f4ea17dd4bd5c60c1f) Importer(815301076,1909f56bfc062723c751e8b465ee728b)
Start importing Assets/Sprites/Enemyes/2 Enemy/PNG/attack-A8.png using Guid(46f1b5a7f57bc3f4ea17dd4bd5c60c1f) Importer(815301076,1909f56bfc062723c751e8b465ee728b) (PreviewImporter) -> (artifact id: '3367040cf8a857adf3cb4d4418bd2fe8') in 0.0567305 seconds
Number of updated asset objects reloaded before import = 0Number of asset objects unloaded after import = 3

========================================================================
Received Import Request.
  Time since last request: 0.000976 seconds.
  path: Assets/Sprites/Enemyes/2 Enemy/PNG/attack-A4.png
  artifactKey: Guid(96892870bd6722c41bec9a7028376e3c) Importer(815301076,1909f56bfc062723c751e8b465ee728b)
Start importing Assets/Sprites/Enemyes/2 Enemy/PNG/attack-A4.png using Guid(96892870bd6722c41bec9a7028376e3c) Importer(815301076,1909f56bfc062723c751e8b465ee728b) (PreviewImporter) -> (artifact id: 'acb957ca04d74d81008c35b9d25896bd') in 0.0335544 seconds
Number of updated asset objects reloaded before import = 0Number of asset objects unloaded after import = 3

========================================================================
Received Import Request.
  Time since last request: 0.000520 seconds.
  path: Assets/Sprites/Enemyes/2 Enemy/PNG/attack-A10.png
  artifactKey: Guid(1bbedb0daa8e64146a8cc188ae5c8880) Importer(815301076,1909f56bfc062723c751e8b465ee728b)
Start importing Assets/Sprites/Enemyes/2 Enemy/PNG/attack-A10.png using Guid(1bbedb0daa8e64146a8cc188ae5c8880) Importer(815301076,1909f56bfc062723c751e8b465ee728b) (PreviewImporter) -> (artifact id: 'a31ff6a497425f7f671be2f62105b76d') in 0.0579733 seconds
Number of updated asset objects reloaded before import = 0Number of asset objects unloaded after import = 3

========================================================================
Received Import Request.
  Time since last request: 0.000379 seconds.
  path: Assets/Sprites/Enemyes/2 Enemy/PNG/attack-A3.png
  artifactKey: Guid(db3a3a1e948c9c749bb6dffe12f9345d) Importer(815301076,1909f56bfc062723c751e8b465ee728b)
Start importing Assets/Sprites/Enemyes/2 Enemy/PNG/attack-A3.png using Guid(db3a3a1e948c9c749bb6dffe12f9345d) Importer(815301076,1909f56bfc062723c751e8b465ee728b) (PreviewImporter) -> (artifact id: 'dfac3cc925d49ab2155558032b0eb7e6') in 0.0620557 seconds
Number of updated asset objects reloaded before import = 0Number of asset objects unloaded after import = 3

========================================================================
Received Import Request.
  Time since last request: 0.091773 seconds.
  path: Assets/Sprites/Enemyes/2 Enemy/PNG/attack-B1.png
  artifactKey: Guid(b72e3eb99264fc84da7ca0c8eb1aad5c) Importer(815301076,1909f56bfc062723c751e8b465ee728b)
Start importing Assets/Sprites/Enemyes/2 Enemy/PNG/attack-B1.png using Guid(b72e3eb99264fc84da7ca0c8eb1aad5c) Importer(815301076,1909f56bfc062723c751e8b465ee728b) (PreviewImporter) -> (artifact id: 'fcb29449182a50c8d1a06089d5e361f3') in 0.1372146 seconds
Number of updated asset objects reloaded before import = 0Number of asset objects unloaded after import = 3

========================================================================
Received Import Request.
  Time since last request: 0.001482 seconds.
  path: Assets/Sprites/Enemyes/2 Enemy/PNG/walk-4.png
  artifactKey: Guid(f4b1c88a1d34a9e46835fd1f3b8f8f95) Importer(815301076,1909f56bfc062723c751e8b465ee728b)
Start importing Assets/Sprites/Enemyes/2 Enemy/PNG/walk-4.png using Guid(f4b1c88a1d34a9e46835fd1f3b8f8f95) Importer(815301076,1909f56bfc062723c751e8b465ee728b) (PreviewImporter) -> (artifact id: '642824b748e419e3a2935fe6c2ae984f') in 0.0522567 seconds
Number of updated asset objects reloaded before import = 0Number of asset objects unloaded after import = 3

========================================================================
Received Import Request.
  Time since last request: 0.001605 seconds.
  path: Assets/Sprites/Enemyes/2 Enemy/PNG/attack-A12.png
  artifactKey: Guid(60cb52ecf5187484eab398f602bd6519) Importer(815301076,1909f56bfc062723c751e8b465ee728b)
Start importing Assets/Sprites/Enemyes/2 Enemy/PNG/attack-A12.png using Guid(60cb52ecf5187484eab398f602bd6519) Importer(815301076,1909f56bfc062723c751e8b465ee728b) (PreviewImporter) -> (artifact id: '0d0b019e92bd051cec479eb7d213e42d') in 0.0511992 seconds
Number of updated asset objects reloaded before import = 0Number of asset objects unloaded after import = 3

========================================================================
Received Import Request.
  Time since last request: 0.000397 seconds.
  path: Assets/Sprites/Enemyes/2 Enemy/PNG/jump-4.png
  artifactKey: Guid(05daea85cbd88ab42b94860440143eea) Importer(815301076,1909f56bfc062723c751e8b465ee728b)
Start importing Assets/Sprites/Enemyes/2 Enemy/PNG/jump-4.png using Guid(05daea85cbd88ab42b94860440143eea) Importer(815301076,1909f56bfc062723c751e8b465ee728b) (PreviewImporter) -> (artifact id: 'aaafcd2e130d8540d16b7820d89f51b8') in 0.8971801 seconds
Number of updated asset objects reloaded before import = 0Number of asset objects unloaded after import = 3

========================================================================
Received Import Request.
  Time since last request: 0.000862 seconds.
  path: Assets/Sprites/Enemyes/2 Enemy/PNG/walk-5.png
  artifactKey: Guid(f5ec273a434661b48858933991c8e19c) Importer(815301076,1909f56bfc062723c751e8b465ee728b)
Start importing Assets/Sprites/Enemyes/2 Enemy/PNG/walk-5.png using Guid(f5ec273a434661b48858933991c8e19c) Importer(815301076,1909f56bfc062723c751e8b465ee728b) (PreviewImporter) -> (artifact id: '8ae4a63b62afa3d36215307a6485128c') in 0.0510297 seconds
Number of updated asset objects reloaded before import = 0Number of asset objects unloaded after import = 3

========================================================================
Received Import Request.
  Time since last request: 0.001478 seconds.
  path: Assets/Sprites/Enemyes/2 Enemy/PNG/attack-A11.png
  artifactKey: Guid(6f5c74c3f8f3d024faf3c65505fb8e9b) Importer(815301076,1909f56bfc062723c751e8b465ee728b)
Start importing Assets/Sprites/Enemyes/2 Enemy/PNG/attack-A11.png using Guid(6f5c74c3f8f3d024faf3c65505fb8e9b) Importer(815301076,1909f56bfc062723c751e8b465ee728b) (PreviewImporter) -> (artifact id: 'c1ecd84392c9eb6c51d4ae1971321bc2') in 0.0511202 seconds
Number of updated asset objects reloaded before import = 0Number of asset objects unloaded after import = 3

========================================================================
Received Import Request.
  Time since last request: 0.000729 seconds.
  path: Assets/Sprites/Enemyes/2 Enemy/PNG/jump-2.png
  artifactKey: Guid(d7f78521d1df8d34f85b6800dc941fb8) Importer(815301076,1909f56bfc062723c751e8b465ee728b)
Start importing Assets/Sprites/Enemyes/2 Enemy/PNG/jump-2.png using Guid(d7f78521d1df8d34f85b6800dc941fb8) Importer(815301076,1909f56bfc062723c751e8b465ee728b) (PreviewImporter) -> (artifact id: 'e6d6c4357b8a6f8d9d40a642820df033') in 0.0686793 seconds
Number of updated asset objects reloaded before import = 0Number of asset objects unloaded after import = 3

========================================================================
Received Import Request.
  Time since last request: 0.001447 seconds.
  path: Assets/Sprites/Enemyes/2 Enemy/PNG/attack-B7.png
  artifactKey: Guid(286af34a088b4b14f9d839d95e04cba7) Importer(815301076,1909f56bfc062723c751e8b465ee728b)
Start importing Assets/Sprites/Enemyes/2 Enemy/PNG/attack-B7.png using Guid(286af34a088b4b14f9d839d95e04cba7) Importer(815301076,1909f56bfc062723c751e8b465ee728b) (PreviewImporter) -> (artifact id: '69b80e5e1c3dbaaf29841cad0f243111') in 0.0341874 seconds
Number of updated asset objects reloaded before import = 0Number of asset objects unloaded after import = 3

========================================================================
Received Import Request.
  Time since last request: 0.002884 seconds.
  path: Assets/Sprites/Enemyes/2 Enemy/PNG/attack-B3.png
  artifactKey: Guid(c261c4d77956596428badc2543d8a301) Importer(815301076,1909f56bfc062723c751e8b465ee728b)
Start importing Assets/Sprites/Enemyes/2 Enemy/PNG/attack-B3.png using Guid(c261c4d77956596428badc2543d8a301) Importer(815301076,1909f56bfc062723c751e8b465ee728b) (PreviewImporter) -> (artifact id: '7226e0422f4f483e1cb4f2dd60d77f46') in 0.0452515 seconds
Number of updated asset objects reloaded before import = 0Number of asset objects unloaded after import = 4

========================================================================
Received Import Request.
  Time since last request: 0.004282 seconds.
  path: Assets/Sprites/Enemyes/2 Enemy/PNG/hit-2.png
  artifactKey: Guid(326c8fb34070ce54697e6e17b6f83a4f) Importer(815301076,1909f56bfc062723c751e8b465ee728b)
Start importing Assets/Sprites/Enemyes/2 Enemy/PNG/hit-2.png using Guid(326c8fb34070ce54697e6e17b6f83a4f) Importer(815301076,1909f56bfc062723c751e8b465ee728b) (PreviewImporter) -> (artifact id: '511eb6ed8a4049f835e149915e8cb112') in 0.0489755 seconds
Number of updated asset objects reloaded before import = 0Number of asset objects unloaded after import = 3

========================================================================
Received Import Request.
  Time since last request: 0.001584 seconds.
  path: Assets/Sprites/Enemyes/2 Enemy/PNG/attack-A9.png
  artifactKey: Guid(136b996f6be22f14d9459e6b95f51418) Importer(815301076,1909f56bfc062723c751e8b465ee728b)
Start importing Assets/Sprites/Enemyes/2 Enemy/PNG/attack-A9.png using Guid(136b996f6be22f14d9459e6b95f51418) Importer(815301076,1909f56bfc062723c751e8b465ee728b) (PreviewImporter) -> (artifact id: '0fbf7448b2f183ebd12145b1f3289cc0') in 0.046839 seconds
Number of updated asset objects reloaded before import = 0Number of asset objects unloaded after import = 3

========================================================================
Received Import Request.
  Time since last request: 0.000572 seconds.
  path: Assets/Sprites/Enemyes/2 Enemy/PNG/attack-B2.png
  artifactKey: Guid(e12d1c8f83f6c5f4b9b44f6653d99068) Importer(815301076,1909f56bfc062723c751e8b465ee728b)
Start importing Assets/Sprites/Enemyes/2 Enemy/PNG/attack-B2.png using Guid(e12d1c8f83f6c5f4b9b44f6653d99068) Importer(815301076,1909f56bfc062723c751e8b465ee728b) (PreviewImporter) -> (artifact id: '9fbecb93d1bb1d8b5efc7553d577bcf6') in 0.0303546 seconds
Number of updated asset objects reloaded before import = 0Number of asset objects unloaded after import = 3

========================================================================
Received Import Request.
  Time since last request: 0.002814 seconds.
  path: Assets/Sprites/Enemyes/2 Enemy/PNG/idle-4.png
  artifactKey: Guid(2bd688d11cc36d64f89ead97a22b8160) Importer(815301076,1909f56bfc062723c751e8b465ee728b)
Start importing Assets/Sprites/Enemyes/2 Enemy/PNG/idle-4.png using Guid(2bd688d11cc36d64f89ead97a22b8160) Importer(815301076,1909f56bfc062723c751e8b465ee728b) (PreviewImporter) -> (artifact id: '6944d7ec3d1c2f1cec32bd88779eb541') in 0.1068191 seconds
Number of updated asset objects reloaded before import = 0Number of asset objects unloaded after import = 3

========================================================================
Received Import Request.
  Time since last request: 0.000374 seconds.
  path: Assets/Sprites/Enemyes/2 Enemy/PNG/attack-A1.png
  artifactKey: Guid(ac03eb8e43864ca4fa68ef4fdd949765) Importer(815301076,1909f56bfc062723c751e8b465ee728b)
Start importing Assets/Sprites/Enemyes/2 Enemy/PNG/attack-A1.png using Guid(ac03eb8e43864ca4fa68ef4fdd949765) Importer(815301076,1909f56bfc062723c751e8b465ee728b) (PreviewImporter) -> (artifact id: 'fbeda45d110950413f0053bc2b694092') in 0.2498603 seconds
Number of updated asset objects reloaded before import = 0Number of asset objects unloaded after import = 3

========================================================================
Received Import Request.
  Time since last request: 0.004520 seconds.
  path: Assets/Sprites/Enemyes/2 Enemy/PNG/dead-1.png
  artifactKey: Guid(5eb642426d4557d4cb84030d3fdca559) Importer(815301076,1909f56bfc062723c751e8b465ee728b)
Start importing Assets/Sprites/Enemyes/2 Enemy/PNG/dead-1.png using Guid(5eb642426d4557d4cb84030d3fdca559) Importer(815301076,1909f56bfc062723c751e8b465ee728b) (PreviewImporter) -> (artifact id: '9b3e41f2f741b185968fba2e1f1f0e27') in 0.0552953 seconds
Number of updated asset objects reloaded before import = 0Number of asset objects unloaded after import = 3

========================================================================
Received Import Request.
  Time since last request: 0.000841 seconds.
  path: Assets/Sprites/Enemyes/2 Enemy/PNG/attack-A7.png
  artifactKey: Guid(17b2222e64bbec34ca732b2cce2d7755) Importer(815301076,1909f56bfc062723c751e8b465ee728b)
Start importing Assets/Sprites/Enemyes/2 Enemy/PNG/attack-A7.png using Guid(17b2222e64bbec34ca732b2cce2d7755) Importer(815301076,1909f56bfc062723c751e8b465ee728b) (PreviewImporter) -> (artifact id: 'bca0e77ab334fed0d9e69595a5ae2264') in 0.0618786 seconds
Number of updated asset objects reloaded before import = 0Number of asset objects unloaded after import = 3

========================================================================
Received Import Request.
  Time since last request: 0.000481 seconds.
  path: Assets/Sprites/Enemyes/2 Enemy/PNG/jump-1.png
  artifactKey: Guid(4ae871e0abaf1764eadc11a8bc5d67f0) Importer(815301076,1909f56bfc062723c751e8b465ee728b)
Start importing Assets/Sprites/Enemyes/2 Enemy/PNG/jump-1.png using Guid(4ae871e0abaf1764eadc11a8bc5d67f0) Importer(815301076,1909f56bfc062723c751e8b465ee728b) (PreviewImporter) -> (artifact id: 'e42eb672301129a4be2c46d5b7a84839') in 1.2373307 seconds
Number of updated asset objects reloaded before import = 0Number of asset objects unloaded after import = 3

========================================================================
Received Import Request.
  Time since last request: 0.004352 seconds.
  path: Assets/Sprites/Enemyes/2 Enemy/PNG/dead-4.png
  artifactKey: Guid(d81eb982bbd4cf84da41f3a23e64e4bb) Importer(815301076,1909f56bfc062723c751e8b465ee728b)
Start importing Assets/Sprites/Enemyes/2 Enemy/PNG/dead-4.png using Guid(d81eb982bbd4cf84da41f3a23e64e4bb) Importer(815301076,1909f56bfc062723c751e8b465ee728b) (PreviewImporter) -> (artifact id: 'aab4e1c570c4290733b5da808d02e560') in 0.0517269 seconds
Number of updated asset objects reloaded before import = 0Number of asset objects unloaded after import = 3

========================================================================
Received Import Request.
  Time since last request: 0.000625 seconds.
  path: Assets/Sprites/Enemyes/2 Enemy/PNG/walk-2.png
  artifactKey: Guid(ac9ca389c4ef1ca4cae29a5bb01014c5) Importer(815301076,1909f56bfc062723c751e8b465ee728b)
Start importing Assets/Sprites/Enemyes/2 Enemy/PNG/walk-2.png using Guid(ac9ca389c4ef1ca4cae29a5bb01014c5) Importer(815301076,1909f56bfc062723c751e8b465ee728b) (PreviewImporter) -> (artifact id: '58f1c261f85050e5c697ef3791ce98d1') in 0.081861 seconds
Number of updated asset objects reloaded before import = 0Number of asset objects unloaded after import = 3

========================================================================
Received Import Request.
  Time since last request: 0.001294 seconds.
  path: Assets/Sprites/Enemyes/2 Enemy/PNG/attack-A5.png
  artifactKey: Guid(1b3d54670684d8840af8416490bc831d) Importer(815301076,1909f56bfc062723c751e8b465ee728b)
Start importing Assets/Sprites/Enemyes/2 Enemy/PNG/attack-A5.png using Guid(1b3d54670684d8840af8416490bc831d) Importer(815301076,1909f56bfc062723c751e8b465ee728b) (PreviewImporter) -> (artifact id: '67299df51828774d227ac12a84e8b512') in 0.0526696 seconds
Number of updated asset objects reloaded before import = 0Number of asset objects unloaded after import = 3

========================================================================
Received Import Request.
  Time since last request: 0.001241 seconds.
  path: Assets/Sprites/Enemyes/2 Enemy/PNG/attack-A6.png
  artifactKey: Guid(2eeaa7effefd3c7498f9402623e7e4db) Importer(815301076,1909f56bfc062723c751e8b465ee728b)
Start importing Assets/Sprites/Enemyes/2 Enemy/PNG/attack-A6.png using Guid(2eeaa7effefd3c7498f9402623e7e4db) Importer(815301076,1909f56bfc062723c751e8b465ee728b) (PreviewImporter) -> (artifact id: 'c0241013335d55a20bea88051cefb6b6') in 0.0606292 seconds
Number of updated asset objects reloaded before import = 0Number of asset objects unloaded after import = 3

========================================================================
Received Import Request.
  Time since last request: 0.000686 seconds.
  path: Assets/Sprites/Enemyes/2 Enemy/PNG/idle-2.png
  artifactKey: Guid(9d9b5be7d9f0af24983a56d29a25d914) Importer(815301076,1909f56bfc062723c751e8b465ee728b)
Start importing Assets/Sprites/Enemyes/2 Enemy/PNG/idle-2.png using Guid(9d9b5be7d9f0af24983a56d29a25d914) Importer(815301076,1909f56bfc062723c751e8b465ee728b) (PreviewImporter) -> (artifact id: '0cf658d48d1b04a565442cb6a63e682d') in 0.0337953 seconds
Number of updated asset objects reloaded before import = 0Number of asset objects unloaded after import = 3

========================================================================
Received Import Request.
  Time since last request: 0.001466 seconds.
  path: Assets/Sprites/Enemyes/2 Enemy/PNG/hit-3.png
  artifactKey: Guid(15da9fa445e6fd848baefc97e786e92b) Importer(815301076,1909f56bfc062723c751e8b465ee728b)
Start importing Assets/Sprites/Enemyes/2 Enemy/PNG/hit-3.png using Guid(15da9fa445e6fd848baefc97e786e92b) Importer(815301076,1909f56bfc062723c751e8b465ee728b) (PreviewImporter) -> (artifact id: 'ffa5a92cd423e6bb50919b032e80f6ff') in 0.0296898 seconds
Number of updated asset objects reloaded before import = 0Number of asset objects unloaded after import = 3

========================================================================
Received Import Request.
  Time since last request: 0.000381 seconds.
  path: Assets/Sprites/Enemyes/2 Enemy/PNG/idle-1.png
  artifactKey: Guid(18493dcbf18bfb146af9cd2838e26c0c) Importer(815301076,1909f56bfc062723c751e8b465ee728b)
Start importing Assets/Sprites/Enemyes/2 Enemy/PNG/idle-1.png using Guid(18493dcbf18bfb146af9cd2838e26c0c) Importer(815301076,1909f56bfc062723c751e8b465ee728b) (PreviewImporter) -> (artifact id: '8bf7201ffefe68be558357ebf9236373') in 0.0589874 seconds
Number of updated asset objects reloaded before import = 0Number of asset objects unloaded after import = 3

========================================================================
Received Import Request.
  Time since last request: 0.000688 seconds.
  path: Assets/Sprites/Enemyes/2 Enemy/PNG/attack-A2.png
  artifactKey: Guid(37cca544a3230ff47825743ff526b97e) Importer(815301076,1909f56bfc062723c751e8b465ee728b)
Start importing Assets/Sprites/Enemyes/2 Enemy/PNG/attack-A2.png using Guid(37cca544a3230ff47825743ff526b97e) Importer(815301076,1909f56bfc062723c751e8b465ee728b) (PreviewImporter) -> (artifact id: '88bcf297673359e3238d31eaf54cfa1c') in 0.0699247 seconds
Number of updated asset objects reloaded before import = 0Number of asset objects unloaded after import = 4

========================================================================
Received Import Request.
  Time since last request: 0.000418 seconds.
  path: Assets/Sprites/Enemyes/2 Enemy/PNG/shield-block-1.png
  artifactKey: Guid(8a047a5e734439e4e99f0f7687ae9046) Importer(815301076,1909f56bfc062723c751e8b465ee728b)
Start importing Assets/Sprites/Enemyes/2 Enemy/PNG/shield-block-1.png using Guid(8a047a5e734439e4e99f0f7687ae9046) Importer(815301076,1909f56bfc062723c751e8b465ee728b) (PreviewImporter) -> (artifact id: '3e9f23be5528177603c4d9b1e4d083f1') in 0.0482874 seconds
Number of updated asset objects reloaded before import = 0Number of asset objects unloaded after import = 3

========================================================================
Received Prepare
Assembly reference Packages/com.unity.cinemachine/Editor/Samples/ExposeHDRPInternals/HDRP-Editor-ref.asmref has no target assembly definition
Assembly reference Packages/com.unity.cinemachine/Editor/Samples/ExposeHDRPInternals/HDRP-Editor-ref.asmref has no target assembly definition
Begin MonoManager ReloadAssembly
- Loaded All Assemblies, in 42.781 seconds
Assembly reference Packages/com.unity.cinemachine/Editor/Samples/ExposeHDRPInternals/HDRP-Editor-ref.asmref has no target assembly definition
'Packages/com.unity.cinemachine/Editor/Obsolete/CinemachineVirtualCameraBaseEditor.cs' contains partial class of Unity.Object, exactly 1 of the partial classes needs to be in a file with the same filename. This is to know the one that can be referenced from ie. GameObjects
'Packages/com.unity.cinemachine/Editor/Editors/CinemachineVirtualCameraBaseEditor.cs' contains partial class of Unity.Object, exactly 1 of the partial classes needs to be in a file with the same filename. This is to know the one that can be referenced from ie. GameObjects
Refreshing native plugins compatible for Editor in 72.65 ms, found 4 plugins.
Native extension for WindowsStandalone target not found
Native extension for WebGL target not found
Assembly reference Packages/com.unity.cinemachine/Editor/Samples/ExposeHDRPInternals/HDRP-Editor-ref.asmref has no target assembly definition
[Package Manager] Failed to launch server process. Reason: Unity was launched with the -noUpm command-line argument
[Package Manager] Unable to send message (not connected to server process).
[Package Manager] Cannot connect to Unity Package Manager local server
Mono: successfully reloaded assembly
- Finished resetting the current domain, in 23.019 seconds
Domain Reload Profiling: 65790ms
	BeginReloadAssembly (19607ms)
		ExecutionOrderSort (14ms)
		DisableScriptedObjects (4558ms)
		BackupInstance (0ms)
		ReleaseScriptingObjects (28ms)
		CreateAndSetChildDomain (5835ms)
	RebuildCommonClasses (1084ms)
	RebuildNativeTypeToScriptingClass (298ms)
	initialDomainReloadingComplete (1077ms)
	LoadAllAssembliesAndSetupDomain (20690ms)
		LoadAssemblies (18868ms)
		RebuildTransferFunctionScriptingTraits (0ms)
		AnalyzeDomain (7156ms)
			TypeCache.Refresh (553ms)
				TypeCache.ScanAssembly (50ms)
			BuildScriptInfoCaches (6216ms)
			ResolveRequiredComponents (172ms)
	FinalizeReload (23034ms)
		ReleaseScriptCaches (0ms)
		RebuildScriptCaches (0ms)
		SetupLoadedEditorAssemblies (19509ms)
			LogAssemblyErrors (0ms)
			InitializePlatformSupportModulesInManaged (59ms)
			SetLoadedEditorAssemblies (77ms)
			BeforeProcessingInitializeOnLoad (5262ms)
			ProcessInitializeOnLoadAttributes (12166ms)
			ProcessInitializeOnLoadMethodAttributes (1653ms)
			AfterProcessingInitializeOnLoad (272ms)
			EditorAssembliesLoaded (20ms)
		ExecutionOrderSort2 (0ms)
		AwakeInstancesAfterBackupRestoration (453ms)
Refreshing native plugins compatible for Editor in 47.10 ms, found 4 plugins.
Preloading 0 native plugins for Editor in 0.00 ms.
Unloading 9 Unused Serialized files (Serialized files now loaded: 0)
Unloading 5162 unused Assets / (0.5 MB). Loaded Objects now: 5811.
Memory consumption went from 99.9 MB to 99.4 MB.
Total: 211.123400 ms (FindLiveObjects: 15.687300 ms CreateObjectMapping: 14.184800 ms MarkObjects: 163.951500 ms  DeleteObjects: 17.296600 ms)

Prepare: number of updated asset objects reloaded= 0
========================================================================
Received Prepare
Assembly reference Packages/com.unity.cinemachine/Editor/Samples/ExposeHDRPInternals/HDRP-Editor-ref.asmref has no target assembly definition
Assembly reference Packages/com.unity.cinemachine/Editor/Samples/ExposeHDRPInternals/HDRP-Editor-ref.asmref has no target assembly definition
Begin MonoManager ReloadAssembly
- Loaded All Assemblies, in 408.771 seconds
Assembly reference Packages/com.unity.cinemachine/Editor/Samples/ExposeHDRPInternals/HDRP-Editor-ref.asmref has no target assembly definition
'Packages/com.unity.cinemachine/Editor/Obsolete/CinemachineVirtualCameraBaseEditor.cs' contains partial class of Unity.Object, exactly 1 of the partial classes needs to be in a file with the same filename. This is to know the one that can be referenced from ie. GameObjects
'Packages/com.unity.cinemachine/Editor/Editors/CinemachineVirtualCameraBaseEditor.cs' contains partial class of Unity.Object, exactly 1 of the partial classes needs to be in a file with the same filename. This is to know the one that can be referenced from ie. GameObjects
Refreshing native plugins compatible for Editor in 111.80 ms, found 4 plugins.
Native extension for WindowsStandalone target not found
Native extension for WebGL target not found
Assembly reference Packages/com.unity.cinemachine/Editor/Samples/ExposeHDRPInternals/HDRP-Editor-ref.asmref has no target assembly definition
[Package Manager] Failed to launch server process. Reason: Unity was launched with the -noUpm command-line argument
[Package Manager] Unable to send message (not connected to server process).
[Package Manager] Cannot connect to Unity Package Manager local server
Mono: successfully reloaded assembly
- Finished resetting the current domain, in 42.914 seconds
Domain Reload Profiling: 462363ms
	BeginReloadAssembly (132098ms)
		ExecutionOrderSort (15ms)
		DisableScriptedObjects (8691ms)
		BackupInstance (0ms)
		ReleaseScriptingObjects (24ms)
		CreateAndSetChildDomain (8396ms)
	RebuildCommonClasses (36012ms)
	RebuildNativeTypeToScriptingClass (695ms)
	initialDomainReloadingComplete (16420ms)
	LoadAllAssembliesAndSetupDomain (234204ms)
		LoadAssemblies (172354ms)
		RebuildTransferFunctionScriptingTraits (0ms)
		AnalyzeDomain (160476ms)
			TypeCache.Refresh (6254ms)
				TypeCache.ScanAssembly (443ms)
			BuildScriptInfoCaches (124556ms)
			ResolveRequiredComponents (14227ms)
	FinalizeReload (42935ms)
		ReleaseScriptCaches (0ms)
		RebuildScriptCaches (0ms)
		SetupLoadedEditorAssemblies (35534ms)
			LogAssemblyErrors (1ms)
			InitializePlatformSupportModulesInManaged (337ms)
			SetLoadedEditorAssemblies (608ms)
			BeforeProcessingInitializeOnLoad (7044ms)
			ProcessInitializeOnLoadAttributes (25096ms)
			ProcessInitializeOnLoadMethodAttributes (2181ms)
			AfterProcessingInitializeOnLoad (240ms)
			EditorAssembliesLoaded (26ms)
		ExecutionOrderSort2 (3ms)
		AwakeInstancesAfterBackupRestoration (280ms)
Refreshing native plugins compatible for Editor in 91.27 ms, found 4 plugins.
Preloading 0 native plugins for Editor in 0.00 ms.
Unloading 9 Unused Serialized files (Serialized files now loaded: 0)
Unloading 5164 unused Assets / (465.1 KB). Loaded Objects now: 5815.
Memory consumption went from 99.9 MB to 99.5 MB.
Total: 604.571200 ms (FindLiveObjects: 18.849800 ms CreateObjectMapping: 127.018100 ms MarkObjects: 386.902100 ms  DeleteObjects: 71.797600 ms)

Prepare: number of updated asset objects reloaded= 0
========================================================================
Received Import Request.
  Time since last request: 4306.167611 seconds.
  path: Assets/Sprites/Enemyes/Enimies1.aseprite
  artifactKey: Guid(c7586d4024f109744bc165c83d81186b) Importer(815301076,1909f56bfc062723c751e8b465ee728b)
Start importing Assets/Sprites/Enemyes/Enimies1.aseprite using Guid(c7586d4024f109744bc165c83d81186b) Importer(815301076,1909f56bfc062723c751e8b465ee728b) (PreviewImporter) -> (artifact id: '91eac541a9c6011d1f93266ee94ffec3') in 11.6568271 seconds
Number of updated asset objects reloaded before import = 0Number of asset objects unloaded after import = 48

